TN:
SF:/Users/asonnenholzner/Downloads/bootstrap/js/src/alert.js
FN:11,(anonymous_0)
FN:48,(anonymous_1)
FN:54,(anonymous_2)
FN:60,(anonymous_3)
FN:75,(anonymous_4)
FN:82,(anonymous_5)
FN:97,(anonymous_6)
FN:104,(anonymous_7)
FN:115,(anonymous_8)
FN:119,(anonymous_9)
FN:128,(anonymous_10)
FN:129,(anonymous_11)
FN:144,(anonymous_12)
FN:145,(anonymous_13)
FN:175,(anonymous_14)
FNF:15
FNH:15
FNDA:1,(anonymous_0)
FNDA:7,(anonymous_1)
FNDA:1,(anonymous_2)
FNDA:4,(anonymous_3)
FNDA:1,(anonymous_4)
FNDA:3,(anonymous_5)
FNDA:4,(anonymous_6)
FNDA:3,(anonymous_7)
FNDA:2,(anonymous_8)
FNDA:3,(anonymous_9)
FNDA:6,(anonymous_10)
FNDA:6,(anonymous_11)
FNDA:1,(anonymous_12)
FNDA:2,(anonymous_13)
FNDA:8,(anonymous_14)
DA:11,1
DA:18,1
DA:19,1
DA:20,1
DA:21,1
DA:22,1
DA:23,1
DA:25,1
DA:29,1
DA:35,1
DA:49,7
DA:55,1
DA:61,4
DA:62,4
DA:63,3
DA:66,4
DA:68,4
DA:69,1
DA:72,3
DA:76,1
DA:77,1
DA:83,3
DA:84,3
DA:86,3
DA:87,0
DA:90,3
DA:91,3
DA:94,3
DA:98,4
DA:100,4
DA:101,4
DA:105,3
DA:107,3
DA:108,1
DA:109,1
DA:112,2
DA:114,2
DA:115,2
DA:120,3
DA:129,6
DA:130,6
DA:131,6
DA:133,6
DA:134,6
DA:135,6
DA:138,6
DA:139,1
DA:145,1
DA:146,2
DA:147,2
DA:150,2
DA:161,1
DA:173,1
DA:174,1
DA:175,1
DA:176,8
DA:177,8
DA:180,1
LF:58
LH:57
BRDA:62,0,0,3
BRDA:62,0,1,1
BRDA:68,1,0,1
BRDA:68,1,1,3
BRDA:86,2,0,0
BRDA:86,2,1,3
BRDA:90,3,0,3
BRDA:90,3,1,0
BRDA:107,4,0,1
BRDA:107,4,1,2
BRDA:133,5,0,6
BRDA:133,5,1,0
BRDA:138,6,0,1
BRDA:138,6,1,5
BRDA:146,7,0,2
BRDA:146,7,1,0
BRF:16
BRH:12
end_of_record
TN:
SF:/Users/asonnenholzner/Downloads/bootstrap/js/src/button.js
FN:10,(anonymous_0)
FN:51,(anonymous_1)
FN:57,(anonymous_2)
FN:63,(anonymous_3)
FN:113,(anonymous_4)
FN:120,(anonymous_5)
FN:121,(anonymous_6)
FN:143,(anonymous_7)
FN:154,(anonymous_8)
FN:167,(anonymous_9)
FNF:10
FNH:10
FNDA:1,(anonymous_0)
FNDA:12,(anonymous_1)
FNDA:1,(anonymous_2)
FNDA:11,(anonymous_3)
FNDA:1,(anonymous_4)
FNDA:13,(anonymous_5)
FNDA:13,(anonymous_6)
FNDA:8,(anonymous_7)
FNDA:8,(anonymous_8)
FNDA:13,(anonymous_9)
DA:10,1
DA:17,1
DA:18,1
DA:19,1
DA:20,1
DA:21,1
DA:22,1
DA:24,1
DA:30,1
DA:38,1
DA:52,12
DA:58,1
DA:64,11
DA:65,11
DA:66,11
DA:70,11
DA:71,7
DA:73,7
DA:74,6
DA:75,4
DA:77,1
DA:79,3
DA:81,3
DA:82,2
DA:87,6
DA:88,5
DA:92,1
DA:94,4
DA:95,4
DA:98,5
DA:99,5
DA:103,10
DA:104,5
DA:108,10
DA:109,9
DA:114,1
DA:115,1
DA:121,13
DA:122,13
DA:124,13
DA:125,12
DA:126,12
DA:129,13
DA:130,11
DA:142,1
DA:144,8
DA:146,8
DA:148,8
DA:149,6
DA:152,8
DA:155,8
DA:156,8
DA:165,1
DA:166,1
DA:167,1
DA:168,13
DA:169,13
DA:172,1
LF:58
LH:58
BRDA:70,0,0,7
BRDA:70,0,1,4
BRDA:73,1,0,6
BRDA:73,1,1,1
BRDA:74,2,0,4
BRDA:74,2,1,2
BRDA:75,3,0,1
BRDA:75,3,1,3
BRDA:75,4,0,4
BRDA:75,4,1,1
BRDA:81,5,0,2
BRDA:81,5,1,1
BRDA:87,6,0,5
BRDA:87,6,1,1
BRDA:88,7,0,1
BRDA:88,7,1,4
BRDA:88,8,0,5
BRDA:88,8,1,4
BRDA:88,8,2,4
BRDA:88,8,3,4
BRDA:103,9,0,5
BRDA:103,9,1,5
BRDA:108,10,0,9
BRDA:108,10,1,1
BRDA:124,11,0,12
BRDA:124,11,1,1
BRDA:129,12,0,11
BRDA:129,12,1,2
BRDA:148,13,0,6
BRDA:148,13,1,2
BRF:30
BRH:30
end_of_record
TN:
SF:/Users/asonnenholzner/Downloads/bootstrap/js/src/carousel.js
FN:11,(anonymous_0)
FN:90,(anonymous_1)
FN:109,(anonymous_2)
FN:113,(anonymous_3)
FN:119,(anonymous_4)
FN:125,(anonymous_5)
FN:134,(anonymous_6)
FN:140,(anonymous_7)
FN:154,(anonymous_8)
FN:172,(anonymous_9)
FN:182,(anonymous_10)
FN:199,(anonymous_11)
FN:215,(anonymous_12)
FN:224,(anonymous_13)
FN:227,(anonymous_14)
FN:232,(anonymous_15)
FN:233,(anonymous_16)
FN:242,(anonymous_17)
FN:247,(anonymous_18)
FN:253,(anonymous_19)
FN:271,(anonymous_20)
FN:276,(anonymous_21)
FN:295,(anonymous_22)
FN:310,(anonymous_23)
FN:326,(anonymous_24)
FN:389,(anonymous_25)
FN:398,(anonymous_26)
FN:416,(anonymous_27)
FN:417,(anonymous_28)
FN:452,(anonymous_29)
FN:494,(anonymous_30)
FN:495,(anonymous_31)
FN:509,(anonymous_32)
FNF:33
FNH:25
FNDA:1,(anonymous_0)
FNDA:31,(anonymous_1)
FNDA:0,(anonymous_2)
FNDA:0,(anonymous_3)
FNDA:16,(anonymous_4)
FNDA:563,(anonymous_5)
FNDA:9,(anonymous_6)
FNDA:10,(anonymous_7)
FNDA:10,(anonymous_8)
FNDA:2,(anonymous_9)
FNDA:0,(anonymous_10)
FNDA:2,(anonymous_11)
FNDA:31,(anonymous_12)
FNDA:29,(anonymous_13)
FNDA:10,(anonymous_14)
FNDA:0,(anonymous_15)
FNDA:0,(anonymous_16)
FNDA:0,(anonymous_17)
FNDA:0,(anonymous_18)
FNDA:10,(anonymous_19)
FNDA:132,(anonymous_20)
FNDA:23,(anonymous_21)
FNDA:24,(anonymous_22)
FNDA:22,(anonymous_23)
FNDA:26,(anonymous_24)
FNDA:14,(anonymous_25)
FNDA:14,(anonymous_26)
FNDA:44,(anonymous_27)
FNDA:44,(anonymous_28)
FNDA:4,(anonymous_29)
FNDA:3,(anonymous_30)
FNDA:0,(anonymous_31)
FNDA:26,(anonymous_32)
DA:11,1
DA:18,1
DA:19,1
DA:20,1
DA:21,1
DA:22,1
DA:23,1
DA:24,1
DA:25,1
DA:26,1
DA:28,1
DA:36,1
DA:44,1
DA:51,1
DA:62,1
DA:73,1
DA:91,31
DA:92,31
DA:93,31
DA:95,31
DA:96,31
DA:98,31
DA:100,31
DA:101,29
DA:102,29
DA:104,29
DA:110,0
DA:114,0
DA:120,16
DA:121,16
DA:128,563
DA:130,0
DA:135,9
DA:136,8
DA:141,10
DA:142,10
DA:145,10
DA:146,0
DA:147,0
DA:150,10
DA:151,10
DA:155,10
DA:156,10
DA:159,10
DA:160,0
DA:161,0
DA:164,10
DA:165,10
DA:173,2
DA:175,2
DA:177,2
DA:178,0
DA:181,2
DA:182,0
DA:183,0
DA:186,2
DA:187,0
DA:188,0
DA:189,0
DA:192,2
DA:196,2
DA:200,2
DA:201,2
DA:203,2
DA:204,2
DA:205,2
DA:206,2
DA:207,2
DA:208,2
DA:209,2
DA:210,2
DA:216,31
DA:220,31
DA:221,29
DA:225,29
DA:226,28
DA:227,10
DA:230,29
DA:231,29
DA:232,0
DA:233,0
DA:234,29
DA:242,0
DA:243,0
DA:244,0
DA:245,0
DA:247,0
DA:254,10
DA:255,6
DA:258,4
DA:260,1
DA:261,1
DA:262,1
DA:264,1
DA:265,1
DA:266,1
DA:272,132
DA:273,132
DA:277,23
DA:278,23
DA:279,23
DA:280,23
DA:281,23
DA:284,23
DA:285,2
DA:288,21
DA:289,21
DA:291,21
DA:296,24
DA:297,24
DA:298,24
DA:305,24
DA:307,24
DA:311,22
DA:312,7
DA:316,7
DA:320,7
DA:321,7
DA:327,26
DA:328,26
DA:329,26
DA:331,26
DA:332,26
DA:338,26
DA:339,18
DA:340,18
DA:341,18
DA:343,8
DA:344,8
DA:345,8
DA:348,26
DA:349,2
DA:350,2
DA:353,24
DA:354,24
DA:355,2
DA:358,22
DA:360,0
DA:363,22
DA:365,22
DA:366,2
DA:369,22
DA:371,22
DA:378,22
DA:379,18
DA:381,18
DA:383,18
DA:384,18
DA:386,18
DA:388,18
DA:390,14
DA:394,14
DA:396,14
DA:398,14
DA:402,4
DA:403,4
DA:405,4
DA:406,4
DA:409,22
DA:410,2
DA:417,44
DA:418,44
DA:419,44
DA:424,44
DA:425,6
DA:431,44
DA:433,44
DA:434,31
DA:435,29
DA:438,42
DA:439,2
DA:440,40
DA:441,26
DA:442,1
DA:444,25
DA:445,14
DA:446,8
DA:447,8
DA:453,4
DA:455,4
DA:456,0
DA:459,4
DA:461,4
DA:462,0
DA:465,4
DA:469,4
DA:471,4
DA:472,0
DA:475,4
DA:477,4
DA:478,0
DA:481,4
DA:491,1
DA:494,1
DA:495,3
DA:496,0
DA:497,0
DA:507,1
DA:508,1
DA:509,1
DA:510,26
DA:511,26
DA:514,1
LF:203
LH:176
BRDA:120,0,0,16
BRDA:120,0,1,0
BRDA:128,1,0,0
BRDA:128,1,1,563
BRDA:128,2,0,563
BRDA:128,2,1,563
BRDA:128,2,2,1
BRDA:135,3,0,8
BRDA:135,3,1,1
BRDA:141,4,0,10
BRDA:141,4,1,0
BRDA:145,5,0,0
BRDA:145,5,1,10
BRDA:155,6,0,10
BRDA:155,6,1,0
BRDA:159,7,0,0
BRDA:159,7,1,10
BRDA:164,8,0,10
BRDA:164,8,1,0
BRDA:164,9,0,10
BRDA:164,9,1,10
BRDA:166,10,0,10
BRDA:166,10,1,0
BRDA:177,11,0,0
BRDA:177,11,1,2
BRDA:177,12,0,2
BRDA:177,12,1,2
BRDA:181,13,0,0
BRDA:181,13,1,2
BRDA:186,14,0,0
BRDA:186,14,1,2
BRDA:192,15,0,2
BRDA:192,15,1,0
BRDA:225,16,0,28
BRDA:225,16,1,1
BRDA:230,17,0,29
BRDA:230,17,1,0
BRDA:234,18,0,0
BRDA:234,18,1,29
BRDA:244,19,0,0
BRDA:244,19,1,0
BRDA:254,20,0,6
BRDA:254,20,1,4
BRDA:258,21,0,1
BRDA:258,21,1,1
BRDA:258,21,2,2
BRDA:281,22,0,23
BRDA:281,22,1,8
BRDA:281,22,2,17
BRDA:281,22,3,15
BRDA:284,23,0,2
BRDA:284,23,1,21
BRDA:284,24,0,23
BRDA:284,24,1,8
BRDA:288,25,0,7
BRDA:288,25,1,14
BRDA:291,26,0,5
BRDA:291,26,1,16
BRDA:311,27,0,7
BRDA:311,27,1,15
BRDA:320,28,0,7
BRDA:320,28,1,0
BRDA:329,29,0,26
BRDA:329,29,1,24
BRDA:329,29,2,23
BRDA:338,30,0,18
BRDA:338,30,1,8
BRDA:348,31,0,2
BRDA:348,31,1,24
BRDA:348,32,0,26
BRDA:348,32,1,25
BRDA:354,33,0,2
BRDA:354,33,1,22
BRDA:358,34,0,0
BRDA:358,34,1,22
BRDA:358,35,0,22
BRDA:358,35,1,22
BRDA:365,36,0,2
BRDA:365,36,1,20
BRDA:378,37,0,18
BRDA:378,37,1,4
BRDA:409,38,0,2
BRDA:409,38,1,20
BRDA:424,39,0,6
BRDA:424,39,1,38
BRDA:431,40,0,22
BRDA:431,40,1,22
BRDA:433,41,0,31
BRDA:433,41,1,13
BRDA:438,42,0,2
BRDA:438,42,1,40
BRDA:440,43,0,26
BRDA:440,43,1,14
BRDA:441,44,0,1
BRDA:441,44,1,25
BRDA:445,45,0,8
BRDA:445,45,1,6
BRDA:455,46,0,0
BRDA:455,46,1,4
BRDA:461,47,0,0
BRDA:461,47,1,4
BRDA:461,48,0,4
BRDA:461,48,1,4
BRDA:471,49,0,0
BRDA:471,49,1,4
BRDA:477,50,0,0
BRDA:477,50,1,4
BRF:107
BRH:85
end_of_record
TN:
SF:/Users/asonnenholzner/Downloads/bootstrap/js/src/collapse.js
FN:11,(anonymous_0)
FN:67,(anonymous_1)
FN:98,(anonymous_2)
FN:102,(anonymous_3)
FN:108,(anonymous_4)
FN:116,(anonymous_5)
FN:172,(anonymous_6)
FN:196,(anonymous_7)
FN:235,(anonymous_8)
FN:251,(anonymous_9)
FN:255,(anonymous_10)
FN:267,(anonymous_11)
FN:277,(anonymous_12)
FN:282,(anonymous_13)
FN:298,(anonymous_14)
FN:308,(anonymous_15)
FN:322,(anonymous_16)
FN:327,(anonymous_17)
FN:328,(anonymous_18)
FN:362,(anonymous_19)
FN:370,(anonymous_20)
FN:386,(anonymous_21)
FNF:22
FNH:17
FNDA:1,(anonymous_0)
FNDA:57,(anonymous_1)
FNDA:0,(anonymous_2)
FNDA:0,(anonymous_3)
FNDA:40,(anonymous_4)
FNDA:40,(anonymous_5)
FNDA:37,(anonymous_6)
FNDA:26,(anonymous_7)
FNDA:22,(anonymous_8)
FNDA:118,(anonymous_9)
FNDA:0,(anonymous_10)
FNDA:57,(anonymous_11)
FNDA:59,(anonymous_12)
FNDA:27,(anonymous_13)
FNDA:0,(anonymous_14)
FNDA:30,(anonymous_15)
FNDA:0,(anonymous_16)
FNDA:66,(anonymous_17)
FNDA:67,(anonymous_18)
FNDA:31,(anonymous_19)
FNDA:36,(anonymous_20)
FNDA:38,(anonymous_21)
DA:11,1
DA:18,1
DA:19,1
DA:20,1
DA:21,1
DA:22,1
DA:23,1
DA:25,1
DA:30,1
DA:35,1
DA:43,1
DA:50,1
DA:55,1
DA:68,57
DA:69,57
DA:70,57
DA:71,57
DA:75,57
DA:76,57
DA:77,92
DA:78,92
DA:79,92
DA:80,51
DA:81,51
DA:85,57
DA:87,57
DA:88,30
DA:91,57
DA:92,36
DA:99,0
DA:103,0
DA:109,40
DA:110,8
DA:112,32
DA:117,40
DA:119,1
DA:125,39
DA:126,18
DA:131,18
DA:132,5
DA:136,39
DA:137,13
DA:138,13
DA:139,1
DA:143,38
DA:144,38
DA:145,38
DA:146,1
DA:149,37
DA:150,12
DA:151,12
DA:152,9
DA:156,37
DA:158,37
DA:162,37
DA:164,37
DA:165,30
DA:170,37
DA:172,37
DA:173,37
DA:178,37
DA:180,37
DA:182,37
DA:185,37
DA:186,37
DA:187,37
DA:189,37
DA:193,37
DA:197,26
DA:199,4
DA:202,22
DA:203,22
DA:204,22
DA:205,0
DA:208,22
DA:210,22
DA:212,22
DA:214,22
DA:219,22
DA:220,20
DA:221,46
DA:222,46
DA:223,46
DA:224,46
DA:225,46
DA:226,43
DA:233,22
DA:235,22
DA:236,22
DA:237,22
DA:243,22
DA:244,22
DA:246,22
DA:252,118
DA:256,0
DA:258,0
DA:259,0
DA:260,0
DA:261,0
DA:262,0
DA:268,57
DA:272,57
DA:273,57
DA:274,57
DA:278,59
DA:279,59
DA:283,27
DA:284,27
DA:285,2
DA:288,2
DA:289,1
DA:292,25
DA:296,27
DA:298,27
DA:299,0
DA:305,27
DA:309,30
DA:310,30
DA:312,30
DA:313,18
DA:323,0
DA:324,0
DA:328,66
DA:329,67
DA:330,67
DA:331,67
DA:337,67
DA:338,21
DA:341,67
DA:342,57
DA:343,57
DA:346,67
DA:347,31
DA:348,1
DA:350,30
DA:362,1
DA:364,31
DA:365,29
DA:368,31
DA:369,31
DA:370,31
DA:371,36
DA:372,36
DA:373,36
DA:374,36
DA:384,1
DA:385,1
DA:386,1
DA:387,38
DA:388,38
DA:391,1
LF:151
LH:139
BRDA:79,0,0,51
BRDA:79,0,1,41
BRDA:79,1,0,92
BRDA:79,1,1,90
BRDA:85,2,0,27
BRDA:85,2,1,30
BRDA:87,3,0,30
BRDA:87,3,1,27
BRDA:91,4,0,36
BRDA:91,4,1,21
BRDA:109,5,0,8
BRDA:109,5,1,32
BRDA:117,6,0,1
BRDA:117,6,1,39
BRDA:117,7,0,40
BRDA:117,7,1,40
BRDA:125,8,0,18
BRDA:125,8,1,21
BRDA:131,9,0,5
BRDA:131,9,1,13
BRDA:136,10,0,13
BRDA:136,10,1,26
BRDA:138,11,0,1
BRDA:138,11,1,12
BRDA:138,12,0,13
BRDA:138,12,1,4
BRDA:145,13,0,1
BRDA:145,13,1,37
BRDA:149,14,0,12
BRDA:149,14,1,25
BRDA:151,15,0,9
BRDA:151,15,1,3
BRDA:164,16,0,30
BRDA:164,16,1,7
BRDA:197,17,0,4
BRDA:197,17,1,22
BRDA:197,18,0,26
BRDA:197,18,1,26
BRDA:204,19,0,0
BRDA:204,19,1,22
BRDA:219,20,0,20
BRDA:219,20,1,2
BRDA:223,21,0,46
BRDA:223,21,1,0
BRDA:225,22,0,43
BRDA:225,22,1,3
BRDA:279,23,0,0
BRDA:279,23,1,59
BRDA:284,24,0,2
BRDA:284,24,1,25
BRDA:288,25,0,1
BRDA:288,25,1,1
BRDA:309,26,0,30
BRDA:309,26,1,0
BRDA:312,27,0,18
BRDA:312,27,1,12
BRDA:324,28,0,0
BRDA:324,28,1,0
BRDA:334,29,0,34
BRDA:334,29,1,33
BRDA:334,30,0,67
BRDA:334,30,1,34
BRDA:337,31,0,21
BRDA:337,31,1,46
BRDA:337,32,0,67
BRDA:337,32,1,57
BRDA:337,32,2,57
BRDA:341,33,0,57
BRDA:341,33,1,10
BRDA:346,34,0,31
BRDA:346,34,1,36
BRDA:347,35,0,1
BRDA:347,35,1,30
BRDA:364,36,0,29
BRDA:364,36,1,2
BRDA:373,37,0,4
BRDA:373,37,1,32
BRF:77
BRH:71
end_of_record
TN:
SF:/Users/asonnenholzner/Downloads/bootstrap/js/src/dropdown.js
FN:12,(anonymous_0)
FN:97,(anonymous_1)
FN:109,(anonymous_2)
FN:113,(anonymous_3)
FN:117,(anonymous_4)
FN:123,(anonymous_5)
FN:198,(anonymous_6)
FN:209,(anonymous_7)
FN:218,(anonymous_8)
FN:219,(anonymous_9)
FN:226,(anonymous_10)
FN:242,(anonymous_11)
FN:250,(anonymous_12)
FN:270,(anonymous_13)
FN:274,(anonymous_14)
FN:277,(anonymous_15)
FN:311,(anonymous_16)
FN:312,(anonymous_17)
FN:330,(anonymous_18)
FN:380,(anonymous_19)
FN:392,(anonymous_20)
FN:462,(anonymous_21)
FN:467,(anonymous_22)
FN:479,(anonymous_23)
FNF:24
FNH:21
FNDA:1,(anonymous_0)
FNDA:35,(anonymous_1)
FNDA:0,(anonymous_2)
FNDA:35,(anonymous_3)
FNDA:35,(anonymous_4)
FNDA:37,(anonymous_5)
FNDA:2,(anonymous_6)
FNDA:2,(anonymous_7)
FNDA:35,(anonymous_8)
FNDA:29,(anonymous_9)
FNDA:35,(anonymous_10)
FNDA:35,(anonymous_11)
FNDA:30,(anonymous_12)
FNDA:37,(anonymous_13)
FNDA:30,(anonymous_14)
FNDA:0,(anonymous_15)
FNDA:36,(anonymous_16)
FNDA:36,(anonymous_17)
FNDA:135,(anonymous_18)
FNDA:135,(anonymous_19)
FNDA:22,(anonymous_20)
FNDA:4,(anonymous_21)
FNDA:0,(anonymous_22)
FNDA:32,(anonymous_23)
DA:12,1
DA:19,1
DA:20,1
DA:21,1
DA:22,1
DA:23,1
DA:24,1
DA:25,1
DA:26,1
DA:27,1
DA:28,1
DA:29,1
DA:30,1
DA:31,1
DA:33,1
DA:44,1
DA:55,1
DA:63,1
DA:74,1
DA:82,1
DA:98,35
DA:99,35
DA:100,35
DA:101,35
DA:102,35
DA:104,35
DA:110,0
DA:114,35
DA:118,35
DA:124,37
DA:125,2
DA:128,35
DA:129,35
DA:131,35
DA:133,35
DA:134,4
DA:137,31
DA:140,31
DA:142,31
DA:144,31
DA:145,0
DA:149,31
DA:154,30
DA:155,0
DA:158,30
DA:160,30
DA:161,0
DA:162,30
DA:163,0
DA:166,0
DA:167,0
DA:174,30
DA:175,1
DA:177,30
DA:184,31
DA:186,0
DA:189,31
DA:190,31
DA:192,31
DA:193,31
DA:199,2
DA:200,2
DA:201,2
DA:202,2
DA:203,2
DA:204,1
DA:205,1
DA:210,2
DA:211,2
DA:212,1
DA:219,35
DA:220,29
DA:221,29
DA:222,29
DA:227,35
DA:233,35
DA:239,35
DA:243,35
DA:244,35
DA:245,35
DA:247,35
DA:251,30
DA:252,30
DA:255,30
DA:256,0
DA:257,0
DA:258,0
DA:260,30
DA:261,0
DA:262,30
DA:263,0
DA:264,30
DA:265,0
DA:267,30
DA:271,37
DA:275,30
DA:276,30
DA:277,0
DA:278,0
DA:282,0
DA:285,30
DA:287,30
DA:301,30
DA:302,1
DA:306,30
DA:312,36
DA:313,36
DA:314,36
DA:316,36
DA:317,35
DA:318,35
DA:321,36
DA:322,7
DA:323,1
DA:325,6
DA:331,135
DA:333,1
DA:336,134
DA:337,134
DA:338,53
DA:339,53
DA:340,53
DA:344,53
DA:345,3
DA:348,50
DA:349,50
DA:350,33
DA:353,17
DA:356,2
DA:359,15
DA:360,15
DA:361,15
DA:362,0
DA:367,15
DA:368,0
DA:371,15
DA:373,15
DA:374,15
DA:382,135
DA:384,135
DA:385,12
DA:388,135
DA:400,22
DA:404,10
DA:407,12
DA:408,12
DA:410,12
DA:411,0
DA:414,12
DA:415,12
DA:417,12
DA:419,3
DA:420,3
DA:421,3
DA:424,3
DA:425,3
DA:428,9
DA:430,9
DA:431,0
DA:434,9
DA:436,9
DA:437,1
DA:440,9
DA:441,6
DA:444,9
DA:445,2
DA:448,9
DA:458,1
DA:463,4
DA:464,4
DA:465,4
DA:468,0
DA:477,1
DA:478,1
DA:479,1
DA:480,32
DA:481,32
DA:484,1
LF:178
LH:156
BRDA:124,0,0,2
BRDA:124,0,1,35
BRDA:124,1,0,37
BRDA:124,1,1,36
BRDA:133,2,0,4
BRDA:133,2,1,31
BRDA:144,3,0,0
BRDA:144,3,1,31
BRDA:149,4,0,30
BRDA:149,4,1,1
BRDA:154,5,0,0
BRDA:154,5,1,30
BRDA:160,6,0,0
BRDA:160,6,1,30
BRDA:162,7,0,0
BRDA:162,7,1,30
BRDA:166,8,0,0
BRDA:166,8,1,0
BRDA:174,9,0,1
BRDA:174,9,1,29
BRDA:184,10,0,0
BRDA:184,10,1,31
BRDA:184,11,0,31
BRDA:184,11,1,0
BRDA:203,12,0,1
BRDA:203,12,1,1
BRDA:211,13,0,1
BRDA:211,13,1,1
BRDA:243,14,0,35
BRDA:243,14,1,0
BRDA:255,15,0,0
BRDA:255,15,1,30
BRDA:257,16,0,0
BRDA:257,16,1,0
BRDA:260,17,0,0
BRDA:260,17,1,30
BRDA:262,18,0,0
BRDA:262,18,1,30
BRDA:264,19,0,0
BRDA:264,19,1,30
BRDA:276,20,0,0
BRDA:276,20,1,30
BRDA:280,21,0,0
BRDA:280,21,1,0
BRDA:301,22,0,1
BRDA:301,22,1,29
BRDA:314,23,0,0
BRDA:314,23,1,36
BRDA:316,24,0,35
BRDA:316,24,1,1
BRDA:321,25,0,7
BRDA:321,25,1,29
BRDA:322,26,0,1
BRDA:322,26,1,6
BRDA:331,27,0,1
BRDA:331,27,1,134
BRDA:331,28,0,135
BRDA:331,28,1,100
BRDA:331,28,2,100
BRDA:331,28,3,4
BRDA:344,29,0,3
BRDA:344,29,1,50
BRDA:349,30,0,33
BRDA:349,30,1,17
BRDA:353,31,0,2
BRDA:353,31,1,15
BRDA:353,32,0,17
BRDA:353,32,1,13
BRDA:353,32,2,10
BRDA:353,32,3,11
BRDA:353,32,4,3
BRDA:353,32,5,5
BRDA:361,33,0,0
BRDA:361,33,1,15
BRDA:367,34,0,0
BRDA:367,34,1,15
BRDA:384,35,0,12
BRDA:384,35,1,123
BRDA:388,36,0,135
BRDA:388,36,1,123
BRDA:400,37,0,10
BRDA:400,37,1,12
BRDA:400,38,0,17
BRDA:400,38,1,5
BRDA:401,39,0,17
BRDA:401,39,1,13
BRDA:401,39,2,10
BRDA:401,39,3,6
BRDA:401,39,4,10
BRDA:410,40,0,0
BRDA:410,40,1,12
BRDA:410,41,0,12
BRDA:410,41,1,12
BRDA:417,42,0,3
BRDA:417,42,1,9
BRDA:417,43,0,12
BRDA:417,43,1,0
BRDA:417,43,2,0
BRDA:417,43,3,12
BRDA:417,43,4,12
BRDA:417,43,5,9
BRDA:419,44,0,3
BRDA:419,44,1,0
BRDA:430,45,0,0
BRDA:430,45,1,9
BRDA:436,46,0,1
BRDA:436,46,1,8
BRDA:436,47,0,9
BRDA:436,47,1,3
BRDA:440,48,0,6
BRDA:440,48,1,3
BRDA:440,49,0,9
BRDA:440,49,1,6
BRDA:444,50,0,2
BRDA:444,50,1,7
BRF:115
BRH:89
end_of_record
TN:
SF:/Users/asonnenholzner/Downloads/bootstrap/js/src/modal.js
FN:11,(anonymous_0)
FN:78,(anonymous_1)
FN:91,(anonymous_2)
FN:95,(anonymous_3)
FN:101,(anonymous_4)
FN:105,(anonymous_5)
FN:139,(anonymous_6)
FN:142,(anonymous_7)
FN:143,(anonymous_8)
FN:150,(anonymous_9)
FN:153,(anonymous_10)
FN:192,(anonymous_11)
FN:199,(anonymous_12)
FN:214,(anonymous_13)
FN:220,(anonymous_14)
FN:229,(anonymous_15)
FN:256,(anonymous_16)
FN:275,(anonymous_17)
FN:278,(anonymous_18)
FN:287,(anonymous_19)
FN:289,(anonymous_20)
FN:300,(anonymous_21)
FN:302,(anonymous_22)
FN:308,(anonymous_23)
FN:312,(anonymous_24)
FN:320,(anonymous_25)
FN:327,(anonymous_26)
FN:341,(anonymous_27)
FN:379,(anonymous_28)
FN:405,(anonymous_29)
FN:418,(anonymous_30)
FN:423,(anonymous_31)
FN:429,(anonymous_32)
FN:435,(anonymous_33)
FN:442,(anonymous_34)
FN:449,(anonymous_35)
FN:462,(anonymous_36)
FN:464,(anonymous_37)
FN:472,(anonymous_38)
FN:486,(anonymous_39)
FN:497,(anonymous_40)
FN:498,(anonymous_41)
FN:529,(anonymous_42)
FN:547,(anonymous_43)
FN:553,(anonymous_44)
FN:571,(anonymous_45)
FNF:46
FNH:38
FNDA:1,(anonymous_0)
FNDA:35,(anonymous_1)
FNDA:0,(anonymous_2)
FNDA:1,(anonymous_3)
FNDA:3,(anonymous_4)
FNDA:38,(anonymous_5)
FNDA:5,(anonymous_6)
FNDA:0,(anonymous_7)
FNDA:0,(anonymous_8)
FNDA:35,(anonymous_9)
FNDA:27,(anonymous_10)
FNDA:0,(anonymous_11)
FNDA:0,(anonymous_12)
FNDA:0,(anonymous_13)
FNDA:35,(anonymous_14)
FNDA:35,(anonymous_15)
FNDA:35,(anonymous_16)
FNDA:35,(anonymous_17)
FNDA:0,(anonymous_18)
FNDA:62,(anonymous_19)
FNDA:1,(anonymous_20)
FNDA:62,(anonymous_21)
FNDA:0,(anonymous_22)
FNDA:27,(anonymous_23)
FNDA:27,(anonymous_24)
FNDA:26,(anonymous_25)
FNDA:62,(anonymous_26)
FNDA:8,(anonymous_27)
FNDA:26,(anonymous_28)
FNDA:35,(anonymous_29)
FNDA:27,(anonymous_30)
FNDA:35,(anonymous_31)
FNDA:35,(anonymous_32)
FNDA:4,(anonymous_33)
FNDA:2,(anonymous_34)
FNDA:2,(anonymous_35)
FNDA:27,(anonymous_36)
FNDA:4,(anonymous_37)
FNDA:4,(anonymous_38)
FNDA:35,(anonymous_39)
FNDA:60,(anonymous_40)
FNDA:58,(anonymous_41)
FNDA:5,(anonymous_42)
FNDA:3,(anonymous_43)
FNDA:1,(anonymous_44)
FNDA:37,(anonymous_45)
DA:11,1
DA:18,1
DA:19,1
DA:20,1
DA:21,1
DA:22,1
DA:23,1
DA:24,1
DA:26,1
DA:33,1
DA:40,1
DA:54,1
DA:62,1
DA:79,35
DA:80,35
DA:81,35
DA:82,35
DA:83,35
DA:84,35
DA:85,35
DA:86,35
DA:92,0
DA:96,1
DA:102,3
DA:106,38
DA:107,1
DA:110,37
DA:111,0
DA:114,37
DA:118,37
DA:120,37
DA:121,2
DA:124,35
DA:126,35
DA:127,35
DA:129,35
DA:131,35
DA:133,35
DA:134,35
DA:136,35
DA:139,5
DA:142,35
DA:143,0
DA:144,0
DA:145,0
DA:150,35
DA:154,27
DA:155,5
DA:158,27
DA:159,0
DA:162,27
DA:164,27
DA:166,27
DA:167,0
DA:170,27
DA:171,27
DA:173,27
DA:174,0
DA:177,27
DA:178,27
DA:180,27
DA:182,27
DA:184,27
DA:185,27
DA:188,27
DA:189,0
DA:191,0
DA:192,0
DA:195,27
DA:200,0
DA:202,0
DA:204,0
DA:205,0
DA:206,0
DA:207,0
DA:208,0
DA:209,0
DA:210,0
DA:211,0
DA:215,0
DA:221,35
DA:225,35
DA:226,35
DA:230,35
DA:232,35
DA:235,29
DA:238,35
DA:239,35
DA:240,35
DA:242,35
DA:243,0
DA:246,35
DA:248,35
DA:249,35
DA:252,35
DA:256,35
DA:257,35
DA:258,35
DA:260,35
DA:261,35
DA:264,35
DA:265,0
DA:267,0
DA:271,35
DA:276,35
DA:279,0
DA:282,0
DA:288,62
DA:289,35
DA:290,1
DA:291,1
DA:292,1
DA:295,27
DA:296,27
DA:301,62
DA:302,35
DA:304,27
DA:309,27
DA:310,27
DA:311,27
DA:312,27
DA:313,27
DA:314,27
DA:315,27
DA:316,27
DA:321,26
DA:322,26
DA:323,26
DA:328,62
DA:331,62
DA:332,33
DA:333,33
DA:335,33
DA:336,0
DA:339,33
DA:341,33
DA:342,8
DA:343,0
DA:344,0
DA:346,8
DA:347,6
DA:349,2
DA:350,0
DA:352,2
DA:356,33
DA:357,0
DA:360,33
DA:362,33
DA:363,0
DA:366,33
DA:367,33
DA:368,33
DA:371,0
DA:373,0
DA:376,29
DA:377,26
DA:379,26
DA:380,26
DA:381,26
DA:382,26
DA:386,26
DA:387,0
DA:389,0
DA:393,26
DA:395,3
DA:396,3
DA:407,35
DA:409,35
DA:410,0
DA:413,35
DA:414,34
DA:419,27
DA:420,27
DA:424,35
DA:425,35
DA:426,35
DA:430,35
DA:435,34
DA:436,4
DA:437,4
DA:438,4
DA:442,34
DA:443,2
DA:444,2
DA:445,2
DA:449,34
DA:450,2
DA:451,2
DA:452,2
DA:456,34
DA:457,34
DA:458,34
DA:464,27
DA:465,4
DA:466,4
DA:467,4
DA:472,27
DA:473,4
DA:474,4
DA:475,4
DA:480,27
DA:481,27
DA:482,26
DA:487,35
DA:488,35
DA:489,35
DA:490,35
DA:491,35
DA:492,35
DA:498,60
DA:499,58
DA:500,58
DA:506,58
DA:507,35
DA:508,35
DA:511,58
DA:512,53
DA:513,1
DA:515,52
DA:516,5
DA:517,5
DA:529,1
DA:531,5
DA:533,5
DA:534,3
DA:537,5
DA:543,5
DA:544,1
DA:547,5
DA:548,3
DA:550,1
DA:553,2
DA:554,1
DA:555,1
DA:560,5
DA:569,1
DA:570,1
DA:571,1
DA:572,37
DA:573,37
DA:576,1
LF:241
LH:203
BRDA:102,0,0,1
BRDA:102,0,1,2
BRDA:106,1,0,1
BRDA:106,1,1,37
BRDA:106,2,0,38
BRDA:106,2,1,38
BRDA:110,3,0,0
BRDA:110,3,1,37
BRDA:120,4,0,2
BRDA:120,4,1,35
BRDA:120,5,0,37
BRDA:120,5,1,37
BRDA:144,6,0,0
BRDA:144,6,1,0
BRDA:154,7,0,5
BRDA:154,7,1,22
BRDA:158,8,0,0
BRDA:158,8,1,27
BRDA:158,9,0,27
BRDA:158,9,1,27
BRDA:166,10,0,0
BRDA:166,10,1,27
BRDA:166,11,0,27
BRDA:166,11,1,27
BRDA:173,12,0,0
BRDA:173,12,1,27
BRDA:188,13,0,0
BRDA:188,13,1,27
BRDA:232,14,0,29
BRDA:232,14,1,6
BRDA:232,15,0,35
BRDA:232,15,1,35
BRDA:242,16,0,0
BRDA:242,16,1,35
BRDA:248,17,0,35
BRDA:248,17,1,0
BRDA:257,18,0,35
BRDA:257,18,1,0
BRDA:264,19,0,0
BRDA:264,19,1,35
BRDA:279,20,0,0
BRDA:279,20,1,0
BRDA:279,21,0,0
BRDA:279,21,1,0
BRDA:279,21,2,0
BRDA:288,22,0,35
BRDA:288,22,1,27
BRDA:288,23,0,62
BRDA:288,23,1,35
BRDA:290,24,0,1
BRDA:290,24,1,0
BRDA:295,25,0,27
BRDA:295,25,1,0
BRDA:301,26,0,35
BRDA:301,26,1,27
BRDA:321,27,0,26
BRDA:321,27,1,0
BRDA:328,28,0,0
BRDA:328,28,1,62
BRDA:331,29,0,33
BRDA:331,29,1,29
BRDA:331,30,0,62
BRDA:331,30,1,35
BRDA:335,31,0,0
BRDA:335,31,1,33
BRDA:342,32,0,0
BRDA:342,32,1,8
BRDA:346,33,0,6
BRDA:346,33,1,2
BRDA:349,34,0,0
BRDA:349,34,1,2
BRDA:356,35,0,0
BRDA:356,35,1,33
BRDA:362,36,0,0
BRDA:362,36,1,33
BRDA:366,37,0,33
BRDA:366,37,1,0
BRDA:376,38,0,26
BRDA:376,38,1,3
BRDA:376,39,0,29
BRDA:376,39,1,27
BRDA:381,40,0,26
BRDA:381,40,1,0
BRDA:386,41,0,0
BRDA:386,41,1,26
BRDA:395,42,0,3
BRDA:395,42,1,0
BRDA:409,43,0,0
BRDA:409,43,1,35
BRDA:409,44,0,35
BRDA:409,44,1,1
BRDA:413,45,0,34
BRDA:413,45,1,1
BRDA:413,46,0,35
BRDA:413,46,1,34
BRDA:430,47,0,34
BRDA:430,47,1,1
BRDA:466,48,0,4
BRDA:466,48,1,0
BRDA:474,49,0,4
BRDA:474,49,1,0
BRDA:481,50,0,26
BRDA:481,50,1,1
BRDA:503,51,0,3
BRDA:503,51,1,55
BRDA:503,52,0,58
BRDA:503,52,1,3
BRDA:506,53,0,35
BRDA:506,53,1,23
BRDA:511,54,0,53
BRDA:511,54,1,5
BRDA:512,55,0,1
BRDA:512,55,1,52
BRDA:516,56,0,5
BRDA:516,56,1,0
BRDA:533,57,0,3
BRDA:533,57,1,2
BRDA:537,58,0,0
BRDA:537,58,1,5
BRDA:543,59,0,1
BRDA:543,59,1,4
BRDA:543,60,0,5
BRDA:543,60,1,5
BRDA:548,61,0,1
BRDA:548,61,1,2
BRDA:554,62,0,1
BRDA:554,62,1,0
BRF:127
BRH:92
end_of_record
TN:
SF:/Users/asonnenholzner/Downloads/bootstrap/js/src/popover.js
FN:11,(anonymous_0)
FN:74,(anonymous_1)
FN:78,(anonymous_2)
FN:82,(anonymous_3)
FN:86,(anonymous_4)
FN:90,(anonymous_5)
FN:94,(anonymous_6)
FN:98,(anonymous_7)
FN:104,(anonymous_8)
FN:108,(anonymous_9)
FN:112,(anonymous_10)
FN:117,(anonymous_11)
FN:133,(anonymous_12)
FN:138,(anonymous_13)
FN:148,(anonymous_14)
FN:149,(anonymous_15)
FN:180,(anonymous_16)
FNF:17
FNH:16
FNDA:1,(anonymous_0)
FNDA:0,(anonymous_1)
FNDA:35,(anonymous_2)
FNDA:19,(anonymous_3)
FNDA:29,(anonymous_4)
FNDA:98,(anonymous_5)
FNDA:2,(anonymous_6)
FNDA:22,(anonymous_7)
FNDA:20,(anonymous_8)
FNDA:20,(anonymous_9)
FNDA:97,(anonymous_10)
FNDA:19,(anonymous_11)
FNDA:27,(anonymous_12)
FNDA:12,(anonymous_13)
FNDA:49,(anonymous_14)
FNDA:49,(anonymous_15)
FNDA:23,(anonymous_16)
DA:11,1
DA:18,1
DA:19,1
DA:20,1
DA:21,1
DA:22,1
DA:23,1
DA:24,1
DA:26,1
DA:37,1
DA:42,1
DA:47,1
DA:52,1
DA:75,0
DA:79,35
DA:83,19
DA:87,29
DA:91,98
DA:95,2
DA:99,22
DA:105,20
DA:109,20
DA:113,97
DA:114,97
DA:118,19
DA:121,19
DA:122,19
DA:123,19
DA:124,7
DA:126,19
DA:128,19
DA:134,27
DA:139,12
DA:140,12
DA:141,12
DA:142,12
DA:149,49
DA:150,49
DA:151,49
DA:153,49
DA:154,1
DA:157,48
DA:158,21
DA:159,21
DA:162,48
DA:163,30
DA:164,1
DA:166,29
DA:178,1
DA:179,1
DA:180,1
DA:181,23
DA:182,23
DA:185,1
LF:54
LH:53
BRDA:105,0,0,20
BRDA:105,0,1,8
BRDA:113,1,0,97
BRDA:113,1,1,16
BRDA:123,2,0,7
BRDA:123,2,1,12
BRDA:134,3,0,27
BRDA:134,3,1,21
BRDA:141,4,0,12
BRDA:141,4,1,0
BRDA:141,5,0,12
BRDA:141,5,1,12
BRDA:151,6,0,13
BRDA:151,6,1,36
BRDA:153,7,0,1
BRDA:153,7,1,48
BRDA:153,8,0,49
BRDA:153,8,1,22
BRDA:157,9,0,21
BRDA:157,9,1,27
BRDA:162,10,0,30
BRDA:162,10,1,18
BRDA:163,11,0,1
BRDA:163,11,1,29
BRF:24
BRH:23
end_of_record
TN:
SF:/Users/asonnenholzner/Downloads/bootstrap/js/src/scrollspy.js
FN:11,(anonymous_0)
FN:73,(anonymous_1)
FN:85,(anonymous_2)
FN:93,(anonymous_3)
FN:97,(anonymous_4)
FN:103,(anonymous_5)
FN:121,(anonymous_6)
FN:141,(anonymous_7)
FN:142,(anonymous_8)
FN:143,(anonymous_9)
FN:149,(anonymous_10)
FN:165,(anonymous_11)
FN:185,(anonymous_12)
FN:190,(anonymous_13)
FN:197,(anonymous_14)
FN:202,(anonymous_15)
FN:240,(anonymous_16)
FN:247,(anonymous_17)
FN:272,(anonymous_18)
FN:278,(anonymous_19)
FN:279,(anonymous_20)
FN:304,(anonymous_21)
FN:321,(anonymous_22)
FNF:23
FNH:20
FNDA:1,(anonymous_0)
FNDA:19,(anonymous_1)
FNDA:30,(anonymous_2)
FNDA:0,(anonymous_3)
FNDA:0,(anonymous_4)
FNDA:19,(anonymous_5)
FNDA:40,(anonymous_6)
FNDA:40,(anonymous_7)
FNDA:25,(anonymous_8)
FNDA:40,(anonymous_9)
FNDA:0,(anonymous_10)
FNDA:19,(anonymous_11)
FNDA:66,(anonymous_12)
FNDA:68,(anonymous_13)
FNDA:49,(anonymous_14)
FNDA:49,(anonymous_15)
FNDA:26,(anonymous_16)
FNDA:78,(anonymous_17)
FNDA:27,(anonymous_18)
FNDA:20,(anonymous_19)
FNDA:20,(anonymous_20)
FNDA:3,(anonymous_21)
FNDA:18,(anonymous_22)
DA:11,1
DA:18,1
DA:19,1
DA:20,1
DA:21,1
DA:22,1
DA:23,1
DA:25,1
DA:31,1
DA:37,1
DA:43,1
DA:49,1
DA:61,1
DA:74,19
DA:75,19
DA:76,19
DA:77,19
DA:80,19
DA:81,19
DA:82,19
DA:83,19
DA:85,30
DA:87,19
DA:88,19
DA:94,0
DA:98,0
DA:104,19
DA:107,19
DA:110,19
DA:113,19
DA:114,19
DA:116,19
DA:118,19
DA:120,19
DA:123,40
DA:125,40
DA:126,40
DA:129,40
DA:130,40
DA:131,40
DA:133,40
DA:139,0
DA:141,40
DA:142,25
DA:144,40
DA:145,40
DA:150,0
DA:151,0
DA:153,0
DA:154,0
DA:155,0
DA:156,0
DA:157,0
DA:158,0
DA:159,0
DA:160,0
DA:166,19
DA:171,19
DA:172,1
DA:173,1
DA:174,1
DA:175,1
DA:177,1
DA:180,19
DA:182,19
DA:186,66
DA:191,68
DA:198,49
DA:203,49
DA:204,49
DA:205,49
DA:209,49
DA:210,0
DA:213,49
DA:214,1
DA:216,1
DA:217,1
DA:219,1
DA:222,48
DA:223,1
DA:224,1
DA:225,1
DA:228,47
DA:229,108
DA:234,108
DA:235,25
DA:241,26
DA:243,26
DA:245,26
DA:247,26
DA:248,78
DA:252,26
DA:254,26
DA:255,0
DA:256,0
DA:259,26
DA:262,26
DA:264,26
DA:267,26
DA:273,27
DA:279,20
DA:280,20
DA:281,20
DA:283,20
DA:284,19
DA:285,19
DA:288,20
DA:289,1
DA:290,1
DA:292,0
DA:304,1
DA:305,3
DA:307,3
DA:308,2
DA:309,2
DA:319,1
DA:320,1
DA:321,1
DA:322,18
DA:323,18
DA:326,1
LF:121
LH:104
BRDA:75,0,0,0
BRDA:75,0,1,19
BRDA:104,1,0,0
BRDA:104,1,1,19
BRDA:107,2,0,15
BRDA:107,2,1,4
BRDA:110,3,0,17
BRDA:110,3,1,2
BRDA:125,4,0,40
BRDA:125,4,1,0
BRDA:129,5,0,40
BRDA:129,5,1,0
BRDA:131,6,0,40
BRDA:131,6,1,0
BRDA:131,7,0,40
BRDA:131,7,1,0
BRDA:168,8,0,17
BRDA:168,8,1,2
BRDA:168,9,0,19
BRDA:168,9,1,17
BRDA:171,10,0,1
BRDA:171,10,1,18
BRDA:173,11,0,1
BRDA:173,11,1,0
BRDA:186,12,0,0
BRDA:186,12,1,66
BRDA:191,13,0,68
BRDA:191,13,1,4
BRDA:198,14,0,0
BRDA:198,14,1,49
BRDA:209,15,0,0
BRDA:209,15,1,49
BRDA:213,16,0,1
BRDA:213,16,1,48
BRDA:216,17,0,1
BRDA:216,17,1,0
BRDA:222,18,0,1
BRDA:222,18,1,47
BRDA:222,19,0,48
BRDA:222,19,1,23
BRDA:222,19,2,1
BRDA:229,20,0,108
BRDA:229,20,1,91
BRDA:229,20,2,57
BRDA:229,20,3,48
BRDA:234,21,0,25
BRDA:234,21,1,83
BRDA:254,22,0,0
BRDA:254,22,1,26
BRDA:281,23,0,20
BRDA:281,23,1,17
BRDA:283,24,0,19
BRDA:283,24,1,1
BRDA:288,25,0,1
BRDA:288,25,1,19
BRDA:289,26,0,1
BRDA:289,26,1,0
BRF:57
BRH:44
end_of_record
TN:
SF:/Users/asonnenholzner/Downloads/bootstrap/js/src/tab.js
FN:11,(anonymous_0)
FN:58,(anonymous_1)
FN:64,(anonymous_2)
FN:70,(anonymous_3)
FN:117,(anonymous_4)
FN:137,(anonymous_5)
FN:144,(anonymous_6)
FN:156,(anonymous_7)
FN:173,(anonymous_8)
FN:215,(anonymous_9)
FN:216,(anonymous_10)
FN:242,(anonymous_11)
FN:255,(anonymous_12)
FNF:13
FNH:11
FNDA:1,(anonymous_0)
FNDA:32,(anonymous_1)
FNDA:0,(anonymous_2)
FNDA:31,(anonymous_3)
FNDA:25,(anonymous_4)
FNDA:0,(anonymous_5)
FNDA:39,(anonymous_6)
FNDA:39,(anonymous_7)
FNDA:39,(anonymous_8)
FNDA:34,(anonymous_9)
FNDA:34,(anonymous_10)
FNDA:6,(anonymous_11)
FNDA:20,(anonymous_12)
DA:11,1
DA:18,1
DA:19,1
DA:20,1
DA:21,1
DA:22,1
DA:23,1
DA:25,1
DA:33,1
DA:41,1
DA:59,32
DA:65,0
DA:71,31
DA:75,4
DA:80,27
DA:81,27
DA:83,27
DA:84,27
DA:85,27
DA:86,27
DA:89,27
DA:93,27
DA:97,27
DA:98,10
DA:101,27
DA:103,27
DA:105,2
DA:108,25
DA:109,14
DA:112,25
DA:117,25
DA:118,25
DA:122,25
DA:126,25
DA:127,25
DA:130,25
DA:131,14
DA:133,11
DA:138,0
DA:139,0
DA:146,39
DA:147,21
DA:149,18
DA:152,39
DA:153,39
DA:156,39
DA:162,39
DA:163,1
DA:165,1
DA:169,38
DA:174,39
DA:175,15
DA:177,15
DA:181,15
DA:182,1
DA:185,15
DA:186,3
DA:190,39
DA:191,39
DA:192,4
DA:195,39
DA:196,39
DA:198,39
DA:200,0
DA:201,0
DA:202,0
DA:205,0
DA:208,39
DA:209,14
DA:216,34
DA:217,34
DA:218,34
DA:220,34
DA:221,32
DA:222,32
DA:225,34
DA:226,32
DA:227,1
DA:229,31
DA:241,1
DA:243,6
DA:244,6
DA:253,1
DA:254,1
DA:255,1
DA:256,20
DA:257,20
DA:260,1
LF:88
LH:81
BRDA:71,0,0,4
BRDA:71,0,1,27
BRDA:71,1,0,31
BRDA:71,1,1,31
BRDA:71,1,2,30
BRDA:71,1,3,28
BRDA:83,2,0,27
BRDA:83,2,1,0
BRDA:84,3,0,18
BRDA:84,3,1,9
BRDA:97,4,0,10
BRDA:97,4,1,17
BRDA:103,5,0,2
BRDA:103,5,1,25
BRDA:103,6,0,27
BRDA:103,6,1,26
BRDA:108,7,0,14
BRDA:108,7,1,11
BRDA:130,8,0,14
BRDA:130,8,1,11
BRDA:146,9,0,21
BRDA:146,9,1,18
BRDA:153,10,0,39
BRDA:153,10,1,14
BRDA:153,10,2,6
BRDA:162,11,0,1
BRDA:162,11,1,38
BRDA:162,12,0,39
BRDA:162,12,1,15
BRDA:174,13,0,15
BRDA:174,13,1,24
BRDA:181,14,0,1
BRDA:181,14,1,14
BRDA:185,15,0,3
BRDA:185,15,1,12
BRDA:191,16,0,4
BRDA:191,16,1,35
BRDA:198,17,0,0
BRDA:198,17,1,39
BRDA:198,18,0,39
BRDA:198,18,1,39
BRDA:201,19,0,0
BRDA:201,19,1,0
BRDA:208,20,0,14
BRDA:208,20,1,25
BRDA:220,21,0,32
BRDA:220,21,1,2
BRDA:225,22,0,32
BRDA:225,22,1,2
BRDA:226,23,0,1
BRDA:226,23,1,31
BRF:51
BRH:47
end_of_record
TN:
SF:/Users/asonnenholzner/Downloads/bootstrap/js/src/tooltip.js
FN:12,(anonymous_0)
FN:111,(anonymous_1)
FN:137,(anonymous_2)
FN:141,(anonymous_3)
FN:145,(anonymous_4)
FN:149,(anonymous_5)
FN:153,(anonymous_6)
FN:157,(anonymous_7)
FN:161,(anonymous_8)
FN:167,(anonymous_9)
FN:171,(anonymous_10)
FN:175,(anonymous_11)
FN:179,(anonymous_12)
FN:213,(anonymous_13)
FN:239,(anonymous_14)
FN:302,(anonymous_15)
FN:307,(anonymous_16)
FN:322,(anonymous_17)
FN:348,(anonymous_18)
FN:351,(anonymous_19)
FN:399,(anonymous_20)
FN:407,(anonymous_21)
FN:411,(anonymous_22)
FN:415,(anonymous_23)
FN:420,(anonymous_24)
FN:426,(anonymous_25)
FN:442,(anonymous_26)
FN:456,(anonymous_27)
FN:460,(anonymous_28)
FN:463,(anonymous_29)
FN:468,(anonymous_30)
FN:482,(anonymous_31)
FN:487,(anonymous_32)
FN:493,(anonymous_33)
FN:508,(anonymous_34)
FN:520,(anonymous_35)
FN:554,(anonymous_36)
FN:561,(anonymous_37)
FN:593,(anonymous_38)
FN:600,(anonymous_39)
FN:610,(anonymous_40)
FN:641,(anonymous_41)
FN:655,(anonymous_42)
FN:663,(anonymous_43)
FN:668,(anonymous_44)
FN:683,(anonymous_45)
FN:684,(anonymous_46)
FN:715,(anonymous_47)
FNF:48
FNH:45
FNDA:1,(anonymous_0)
FNDA:68,(anonymous_1)
FNDA:0,(anonymous_2)
FNDA:48,(anonymous_3)
FNDA:33,(anonymous_4)
FNDA:109,(anonymous_5)
FNDA:323,(anonymous_6)
FNDA:1,(anonymous_7)
FNDA:47,(anonymous_8)
FNDA:2,(anonymous_9)
FNDA:2,(anonymous_10)
FNDA:0,(anonymous_11)
FNDA:19,(anonymous_12)
FNDA:3,(anonymous_13)
FNDA:69,(anonymous_14)
FNDA:47,(anonymous_15)
FNDA:0,(anonymous_16)
FNDA:44,(anonymous_17)
FNDA:40,(anonymous_18)
FNDA:38,(anonymous_19)
FNDA:2,(anonymous_20)
FNDA:47,(anonymous_21)
FNDA:55,(anonymous_22)
FNDA:265,(anonymous_23)
FNDA:33,(anonymous_24)
FNDA:71,(anonymous_25)
FNDA:119,(anonymous_26)
FNDA:75,(anonymous_27)
FNDA:68,(anonymous_28)
FNDA:107,(anonymous_29)
FNDA:17,(anonymous_30)
FNDA:27,(anonymous_31)
FNDA:22,(anonymous_32)
FNDA:2,(anonymous_33)
FNDA:67,(anonymous_34)
FNDA:39,(anonymous_35)
FNDA:1,(anonymous_36)
FNDA:29,(anonymous_37)
FNDA:4,(anonymous_38)
FNDA:44,(anonymous_39)
FNDA:68,(anonymous_40)
FNDA:1,(anonymous_41)
FNDA:49,(anonymous_42)
FNDA:23,(anonymous_43)
FNDA:37,(anonymous_44)
FNDA:83,(anonymous_45)
FNDA:83,(anonymous_46)
FNDA:49,(anonymous_47)
DA:12,1
DA:19,1
DA:20,1
DA:21,1
DA:22,1
DA:23,1
DA:24,1
DA:25,1
DA:27,1
DA:42,1
DA:50,1
DA:67,1
DA:72,1
DA:85,1
DA:90,1
DA:96,1
DA:116,68
DA:117,0
DA:121,68
DA:122,68
DA:123,68
DA:124,68
DA:125,68
DA:128,68
DA:129,68
DA:130,68
DA:132,68
DA:138,0
DA:142,48
DA:146,33
DA:150,109
DA:154,323
DA:158,1
DA:162,47
DA:168,2
DA:172,2
DA:176,0
DA:180,19
DA:181,2
DA:184,17
DA:185,15
DA:186,15
DA:188,15
DA:189,1
DA:193,1
DA:196,15
DA:198,15
DA:199,11
DA:201,4
DA:204,2
DA:205,1
DA:206,1
DA:209,1
DA:214,3
DA:216,3
DA:218,3
DA:219,3
DA:221,3
DA:222,1
DA:225,3
DA:226,3
DA:227,3
DA:228,3
DA:229,3
DA:230,1
DA:233,3
DA:234,3
DA:235,3
DA:236,3
DA:240,69
DA:241,2
DA:244,67
DA:245,67
DA:246,55
DA:248,55
DA:253,55
DA:254,3
DA:257,52
DA:258,52
DA:260,52
DA:261,52
DA:263,52
DA:265,52
DA:266,45
DA:269,52
DA:273,52
DA:274,52
DA:276,52
DA:278,52
DA:280,52
DA:281,52
DA:284,52
DA:286,52
DA:303,47
DA:304,23
DA:308,0
DA:312,52
DA:318,52
DA:319,0
DA:322,52
DA:323,44
DA:324,37
DA:326,44
DA:327,44
DA:329,44
DA:331,44
DA:332,2
DA:336,52
DA:337,45
DA:339,45
DA:343,7
DA:349,40
DA:350,40
DA:351,40
DA:352,38
DA:353,29
DA:356,38
DA:357,38
DA:358,38
DA:359,38
DA:360,24
DA:363,38
DA:364,0
DA:368,40
DA:370,40
DA:371,1
DA:374,39
DA:378,39
DA:379,0
DA:382,39
DA:383,39
DA:384,39
DA:386,39
DA:387,22
DA:389,22
DA:393,17
DA:396,39
DA:400,2
DA:401,1
DA:408,47
DA:412,55
DA:416,265
DA:417,265
DA:421,33
DA:422,33
DA:423,33
DA:427,71
DA:428,71
DA:430,12
DA:431,8
DA:432,5
DA:435,4
DA:438,59
DA:443,119
DA:445,119
DA:446,50
DA:451,119
DA:457,75
DA:461,68
DA:463,68
DA:464,107
DA:465,24
DA:468,17
DA:470,83
DA:471,78
DA:474,78
DA:478,78
DA:482,27
DA:487,22
DA:491,107
DA:493,2
DA:497,68
DA:498,1
DA:504,67
DA:509,67
DA:510,67
DA:512,67
DA:516,67
DA:521,39
DA:523,39
DA:525,39
DA:526,0
DA:530,0
DA:533,39
DA:534,27
DA:539,39
DA:541,14
DA:542,14
DA:545,25
DA:547,25
DA:549,25
DA:550,21
DA:551,21
DA:554,4
DA:555,1
DA:556,1
DA:562,29
DA:564,29
DA:566,29
DA:567,0
DA:571,0
DA:574,29
DA:575,22
DA:580,29
DA:581,9
DA:584,20
DA:586,20
DA:588,20
DA:589,13
DA:590,13
DA:593,7
DA:594,4
DA:595,3
DA:601,44
DA:602,77
DA:603,20
DA:607,24
DA:611,68
DA:617,68
DA:618,62
DA:624,68
DA:625,1
DA:628,68
DA:629,1
DA:632,68
DA:638,68
DA:642,1
DA:644,1
DA:645,1
DA:646,13
DA:647,3
DA:652,1
DA:656,49
DA:657,49
DA:658,49
DA:659,36
DA:664,23
DA:665,23
DA:669,37
DA:670,37
DA:671,37
DA:672,36
DA:674,1
DA:675,1
DA:676,1
DA:677,1
DA:678,1
DA:684,83
DA:685,83
DA:686,83
DA:688,83
DA:689,1
DA:692,82
DA:693,46
DA:694,46
DA:697,82
DA:698,47
DA:699,1
DA:701,46
DA:713,1
DA:714,1
DA:715,1
DA:716,49
DA:717,49
DA:720,1
LF:265
LH:254
BRDA:116,0,0,0
BRDA:116,0,1,68
BRDA:180,1,0,2
BRDA:180,1,1,17
BRDA:184,2,0,15
BRDA:184,2,1,2
BRDA:188,3,0,1
BRDA:188,3,1,14
BRDA:198,4,0,11
BRDA:198,4,1,4
BRDA:204,5,0,1
BRDA:204,5,1,1
BRDA:221,6,0,1
BRDA:221,6,1,2
BRDA:229,7,0,1
BRDA:229,7,1,2
BRDA:240,8,0,2
BRDA:240,8,1,67
BRDA:245,9,0,55
BRDA:245,9,1,12
BRDA:245,10,0,67
BRDA:245,10,1,55
BRDA:253,11,0,3
BRDA:253,11,1,52
BRDA:253,12,0,55
BRDA:253,12,1,54
BRDA:265,13,0,45
BRDA:265,13,1,7
BRDA:269,14,0,0
BRDA:269,14,1,52
BRDA:276,15,0,48
BRDA:276,15,1,4
BRDA:280,16,0,52
BRDA:280,16,1,0
BRDA:303,17,0,23
BRDA:303,17,1,24
BRDA:318,18,0,0
BRDA:318,18,1,52
BRDA:323,19,0,37
BRDA:323,19,1,7
BRDA:331,20,0,2
BRDA:331,20,1,42
BRDA:336,21,0,45
BRDA:336,21,1,7
BRDA:352,22,0,29
BRDA:352,22,1,9
BRDA:352,23,0,38
BRDA:352,23,1,38
BRDA:359,24,0,24
BRDA:359,24,1,14
BRDA:363,25,0,0
BRDA:363,25,1,38
BRDA:370,26,0,1
BRDA:370,26,1,39
BRDA:378,27,0,0
BRDA:378,27,1,39
BRDA:386,28,0,22
BRDA:386,28,1,17
BRDA:400,29,0,1
BRDA:400,29,1,1
BRDA:416,30,0,265
BRDA:416,30,1,36
BRDA:428,31,0,12
BRDA:428,31,1,59
BRDA:428,32,0,71
BRDA:428,32,1,12
BRDA:428,32,2,5
BRDA:430,33,0,8
BRDA:430,33,1,4
BRDA:431,34,0,5
BRDA:431,34,1,3
BRDA:438,35,0,8
BRDA:438,35,1,51
BRDA:445,36,0,50
BRDA:445,36,1,69
BRDA:446,37,0,6
BRDA:446,37,1,44
BRDA:464,38,0,24
BRDA:464,38,1,83
BRDA:470,39,0,78
BRDA:470,39,1,5
BRDA:471,40,0,40
BRDA:471,40,1,38
BRDA:474,41,0,40
BRDA:474,41,1,38
BRDA:497,42,0,1
BRDA:497,42,1,67
BRDA:510,43,0,67
BRDA:510,43,1,0
BRDA:510,44,0,67
BRDA:510,44,1,24
BRDA:514,45,0,67
BRDA:514,45,1,24
BRDA:523,46,0,39
BRDA:523,46,1,27
BRDA:525,47,0,0
BRDA:525,47,1,39
BRDA:533,48,0,27
BRDA:533,48,1,12
BRDA:535,49,0,8
BRDA:535,49,1,19
BRDA:539,50,0,14
BRDA:539,50,1,25
BRDA:539,51,0,39
BRDA:539,51,1,36
BRDA:549,52,0,21
BRDA:549,52,1,4
BRDA:549,53,0,25
BRDA:549,53,1,25
BRDA:555,54,0,1
BRDA:555,54,1,0
BRDA:564,55,0,29
BRDA:564,55,1,22
BRDA:566,56,0,0
BRDA:566,56,1,29
BRDA:574,57,0,22
BRDA:574,57,1,7
BRDA:576,58,0,8
BRDA:576,58,1,14
BRDA:580,59,0,9
BRDA:580,59,1,20
BRDA:588,60,0,13
BRDA:588,60,1,7
BRDA:588,61,0,20
BRDA:588,61,1,20
BRDA:594,62,0,3
BRDA:594,62,1,1
BRDA:602,63,0,20
BRDA:602,63,1,57
BRDA:614,64,0,38
BRDA:614,64,1,30
BRDA:614,65,0,68
BRDA:614,65,1,46
BRDA:617,66,0,62
BRDA:617,66,1,6
BRDA:624,67,0,1
BRDA:624,67,1,67
BRDA:628,68,0,1
BRDA:628,68,1,67
BRDA:644,69,0,1
BRDA:644,69,1,0
BRDA:646,70,0,3
BRDA:646,70,1,10
BRDA:658,71,0,36
BRDA:658,71,1,13
BRDA:658,72,0,49
BRDA:658,72,1,36
BRDA:671,73,0,36
BRDA:671,73,1,1
BRDA:686,74,0,83
BRDA:686,74,1,24
BRDA:688,75,0,1
BRDA:688,75,1,82
BRDA:688,76,0,83
BRDA:688,76,1,47
BRDA:692,77,0,46
BRDA:692,77,1,36
BRDA:697,78,0,47
BRDA:697,78,1,35
BRDA:698,79,0,1
BRDA:698,79,1,46
BRF:161
BRH:150
end_of_record
TN:
SF:/Users/asonnenholzner/Downloads/bootstrap/js/src/util.js
FN:10,(anonymous_0)
FN:22,toType
FN:26,getSpecialTransitionEndEvent
FN:39,transitionEndEmulator
FN:42,(anonymous_4)
FN:46,(anonymous_5)
FN:55,setTransitionEndSupport
FNF:7
FNH:7
FNDA:1,(anonymous_0)
FNDA:1464,toType
FNDA:1,getSpecialTransitionEndEvent
FNDA:147,transitionEndEmulator
FNDA:134,(anonymous_4)
FNDA:146,(anonymous_5)
FNDA:1,setTransitionEndSupport
DA:10,1
DA:17,1
DA:18,1
DA:19,1
DA:23,1464
DA:27,1
DA:31,270
DA:32,268
DA:34,2
DA:40,147
DA:42,147
DA:43,134
DA:46,147
DA:47,146
DA:48,144
DA:52,147
DA:56,1
DA:57,1
DA:66,1
DA:71,61
DA:73,61
DA:75,61
DA:79,385
DA:80,385
DA:81,356
DA:84,385
DA:85,385
DA:86,311
DA:88,74
DA:93,152
DA:94,1
DA:98,151
DA:99,151
DA:102,151
DA:103,148
DA:107,3
DA:109,3
DA:113,79
DA:117,144
DA:122,1
DA:126,1072
DA:130,246
DA:131,1474
DA:132,1474
DA:133,1474
DA:134,1474
DA:137,1474
DA:138,3
DA:148,1
DA:150,1
LF:50
LH:50
BRDA:31,0,0,268
BRDA:31,0,1,2
BRDA:47,1,0,144
BRDA:47,1,1,2
BRDA:80,2,0,356
BRDA:80,2,1,29
BRDA:80,3,0,385
BRDA:80,3,1,29
BRDA:81,4,0,356
BRDA:81,4,1,57
BRDA:86,5,0,241
BRDA:86,5,1,70
BRDA:93,6,0,1
BRDA:93,6,1,151
BRDA:102,7,0,148
BRDA:102,7,1,3
BRDA:126,8,0,1072
BRDA:126,8,1,452
BRDA:131,9,0,1474
BRDA:131,9,1,0
BRDA:134,10,0,10
BRDA:134,10,1,1464
BRDA:134,11,0,1474
BRDA:134,11,1,1012
BRDA:137,12,0,3
BRDA:137,12,1,1471
BRF:26
BRH:25
end_of_record
